INFO:root:Creating directory: C:\Users\iashe\OneDrive\Attachments\Documents\Other
INFO:root:Moving C:\Users\iashe\OneDrive\Attachments\Documents\11zon_compressed (1).zip \u2192 C:\Users\iashe\OneDrive\Attachments\Documents\Other\11zon_compressed (1).zip
INFO:root:Creating directory: C:\Users\iashe\OneDrive\Attachments\Documents\Images
INFO:root:Moving C:\Users\iashe\OneDrive\Attachments\Documents\20-12-2024.jpg \u2192 C:\Users\iashe\OneDrive\Attachments\Documents\Images\20-12-2024.jpg
INFO:root:Moving C:\Users\iashe\OneDrive\Attachments\Documents\2047_mygov.docx \u2192 C:\Users\iashe\OneDrive\Attachments\Documents\Other\2047_mygov.docx
INFO:root:Creating directory: C:\Users\iashe\OneDrive\Attachments\Documents\Documents
INFO:root:Moving C:\Users\iashe\OneDrive\Attachments\Documents\AdmitCard-260410311802.pdf \u2192 C:\Users\iashe\OneDrive\Attachments\Documents\Documents\AdmitCard-260410311802.pdf
INFO:root:Moving C:\Users\iashe\OneDrive\Attachments\Documents\desktop.ini \u2192 C:\Users\iashe\OneDrive\Attachments\Documents\Other\desktop.ini
INFO:root:Moving C:\Users\iashe\OneDrive\Attachments\Documents\Eamcet hallticket(chitra).pdf \u2192 C:\Users\iashe\OneDrive\Attachments\Documents\Documents\Eamcet hallticket(chitra).pdf
INFO:root:Moving C:\Users\iashe\OneDrive\Attachments\Documents\GATE SUNANDA.pdf \u2192 C:\Users\iashe\OneDrive\Attachments\Documents\Documents\GATE SUNANDA.pdf
INFO:root:Moving C:\Users\iashe\OneDrive\Attachments\Documents\IAM Imp.pptx \u2192 C:\Users\iashe\OneDrive\Attachments\Documents\Other\IAM Imp.pptx
INFO:root:Moving C:\Users\iashe\OneDrive\Attachments\Documents\IAM Sol.pptx \u2192 C:\Users\iashe\OneDrive\Attachments\Documents\Other\IAM Sol.pptx
INFO:root:Moving C:\Users\iashe\OneDrive\Attachments\Documents\Master Publich speaking effective techniques.pptx \u2192 C:\Users\iashe\OneDrive\Attachments\Documents\Other\Master Publich speaking effective techniques.pptx
INFO:root:Moving C:\Users\iashe\OneDrive\Attachments\Documents\Online Retail_1.pdf \u2192 C:\Users\iashe\OneDrive\Attachments\Documents\Documents\Online Retail_1.pdf
INFO:root:Moving C:\Users\iashe\OneDrive\Attachments\Documents\Rescued document.doc \u2192 C:\Users\iashe\OneDrive\Attachments\Documents\Other\Rescued document.doc
INFO:root:Moving C:\Users\iashe\OneDrive\Attachments\Documents\RuthalaNagaLakshmi-24KD5A4204.pdf \u2192 C:\Users\iashe\OneDrive\Attachments\Documents\Documents\RuthalaNagaLakshmi-24KD5A4204.pdf
INFO:root:Moving C:\Users\iashe\OneDrive\Attachments\Documents\Statement of Purpose.docx \u2192 C:\Users\iashe\OneDrive\Attachments\Documents\Other\Statement of Purpose.docx
INFO:root:Moving C:\Users\iashe\OneDrive\Attachments\Documents\suchitra......@.pdf \u2192 C:\Users\iashe\OneDrive\Attachments\Documents\Documents\suchitra......@.pdf
INFO:root:Moving C:\Users\iashe\OneDrive\Attachments\Documents\TechCorp IAM Solutions.pdf \u2192 C:\Users\iashe\OneDrive\Attachments\Documents\Documents\TechCorp IAM Solutions.pdf
INFO:root:Moving C:\Users\iashe\OneDrive\Attachments\Documents\TechCorp Implementation Plan.pdf \u2192 C:\Users\iashe\OneDrive\Attachments\Documents\Documents\TechCorp Implementation Plan.pdf
INFO:root:Moving C:\Users\iashe\OneDrive\Attachments\Documents\~$scued document.doc \u2192 C:\Users\iashe\OneDrive\Attachments\Documents\Other\~$scued document.doc
